0 info it worked if it ends with ok
1 verbose cli [ 'C:\\Program Files\\nodejs\\node.exe',
1 verbose cli   'C:\\Program Files\\nodejs\\node_modules\\npm\\bin\\npm-cli.js',
1 verbose cli   'rebuild',
1 verbose cli   'node-sass' ]
2 info using npm@2.15.11
3 info using node@v4.8.2
4 info readInstalled object
5 verbose rebuild path, id [ 'D:\\Etudes\\iT University\\S8 M2\\emptyenv\\node_modules\\node-sass',
5 verbose rebuild   'node-sass@4.9.3' ]
6 silly rebuild set [ 'D:\\Etudes\\iT University\\S8 M2\\emptyenv\\node_modules\\node-sass' ]
7 info build D:\Etudes\iT University\S8 M2\emptyenv\node_modules\node-sass
8 info preinstall node-sass@4.9.3
9 info linkStuff node-sass@4.9.3
10 silly linkStuff node-sass@4.9.3 has D:\Etudes\iT University\S8 M2\emptyenv\node_modules as its parent node_modules
11 verbose linkBins node-sass@4.9.3
12 verbose link bins [ { 'node-sass': 'bin/node-sass' },
12 verbose link bins   'D:\\Etudes\\iT University\\S8 M2\\emptyenv\\node_modules\\.bin',
12 verbose link bins   false ]
13 verbose linkMans node-sass@4.9.3
14 verbose rebuildBundles node-sass@4.9.3
15 verbose rebuildBundles [ 'gaze', 'glob', 'globule', 'lodash' ]
16 verbose rebuild bundle D:\Etudes\iT University\S8 M2\emptyenv\node_modules\node-sass\node_modules\globule
17 info build D:\Etudes\iT University\S8 M2\emptyenv\node_modules\node-sass\node_modules\globule
18 info preinstall globule@1.2.1
19 info linkStuff globule@1.2.1
20 silly linkStuff globule@1.2.1 has D:\Etudes\iT University\S8 M2\emptyenv\node_modules\node-sass\node_modules as its parent node_modules
21 verbose linkBins globule@1.2.1
22 verbose linkMans globule@1.2.1
23 verbose rebuildBundles globule@1.2.1
24 info install globule@1.2.1
25 info postinstall globule@1.2.1
26 verbose rebuild bundle D:\Etudes\iT University\S8 M2\emptyenv\node_modules\node-sass\node_modules\lodash
27 info build D:\Etudes\iT University\S8 M2\emptyenv\node_modules\node-sass\node_modules\lodash
28 info preinstall lodash@4.17.10
29 info linkStuff lodash@4.17.10
30 silly linkStuff lodash@4.17.10 has D:\Etudes\iT University\S8 M2\emptyenv\node_modules\node-sass\node_modules as its parent node_modules
31 verbose linkBins lodash@4.17.10
32 verbose linkMans lodash@4.17.10
33 verbose rebuildBundles lodash@4.17.10
34 info install lodash@4.17.10
35 info postinstall lodash@4.17.10
36 info install node-sass@4.9.3
37 verbose unsafe-perm in lifecycle true
38 info postinstall node-sass@4.9.3
39 verbose unsafe-perm in lifecycle true
40 info node-sass@4.9.3 Failed to exec postinstall script
41 verbose stack Error: node-sass@4.9.3 postinstall: `node scripts/build.js`
41 verbose stack Exit status 1
41 verbose stack     at EventEmitter.<anonymous> (C:\Users\Kiady\AppData\Roaming\nvm\v4.8.2\node_modules\npm\lib\utils\lifecycle.js:217:16)
41 verbose stack     at emitTwo (events.js:87:13)
41 verbose stack     at EventEmitter.emit (events.js:172:7)
41 verbose stack     at ChildProcess.<anonymous> (C:\Users\Kiady\AppData\Roaming\nvm\v4.8.2\node_modules\npm\lib\utils\spawn.js:24:14)
41 verbose stack     at emitTwo (events.js:87:13)
41 verbose stack     at ChildProcess.emit (events.js:172:7)
41 verbose stack     at maybeClose (internal/child_process.js:862:16)
41 verbose stack     at Process.ChildProcess._handle.onexit (internal/child_process.js:222:5)
42 verbose pkgid node-sass@4.9.3
43 verbose cwd D:\Etudes\iT University\S8 M2\emptyenv
44 error Windows_NT 6.3.9600
45 error argv "C:\\Program Files\\nodejs\\node.exe" "C:\\Program Files\\nodejs\\node_modules\\npm\\bin\\npm-cli.js" "rebuild" "node-sass"
46 error node v4.8.2
47 error npm  v2.15.11
48 error code ELIFECYCLE
49 error node-sass@4.9.3 postinstall: `node scripts/build.js`
49 error Exit status 1
50 error Failed at the node-sass@4.9.3 postinstall script 'node scripts/build.js'.
50 error This is most likely a problem with the node-sass package,
50 error not with npm itself.
50 error Tell the author that this fails on your system:
50 error     node scripts/build.js
50 error You can get information on how to open an issue for this project with:
50 error     npm bugs node-sass
50 error Or if that isn't available, you can get their info via:
50 error
50 error     npm owner ls node-sass
50 error There is likely additional logging output above.
51 verbose exit [ 1, true ]
